==23268== Memcheck, a memory error detector
==23268== Copyright (C) 2002-2017, and GNU GPL'd, by Julian Seward et al.
==23268== Using Valgrind-3.18.1 and LibVEX; rerun with -h for copyright info
==23268== Command: ./masivDubl.out
==23268== Parent PID: 206
==23268== 
==23268== Invalid write of size 4
==23268==    at 0x10965C: Myclass::push(int) (masivDubl.cpp:82)
==23268==    by 0x1092F9: main (masivDubl.cpp:111)
==23268==  Address 0x4dd4c94 is 0 bytes after a block of size 20 alloc'd
==23268==    at 0x484A2F3: operator new[](unsigned long) (in /usr/libexec/valgrind/vgpreload_memcheck-amd64-linux.so)
==23268==    by 0x10941B: Myclass::Myclass() (masivDubl.cpp:15)
==23268==    by 0x109290: main (masivDubl.cpp:106)
==23268== 
==23268== Invalid write of size 4
==23268==    at 0x10958E: Myclass::push(int) (masivDubl.cpp:67)
==23268==    by 0x1092F9: main (masivDubl.cpp:111)
==23268==  Address 0x4dd4c98 is 4 bytes after a block of size 20 alloc'd
==23268==    at 0x484A2F3: operator new[](unsigned long) (in /usr/libexec/valgrind/vgpreload_memcheck-amd64-linux.so)
==23268==    by 0x10941B: Myclass::Myclass() (masivDubl.cpp:15)
==23268==    by 0x109290: main (masivDubl.cpp:106)
==23268== 
==23268== 
==23268== HEAP SUMMARY:
==23268==     in use at exit: 0 bytes in 0 blocks
==23268==   total heap usage: 3 allocs, 3 frees, 73,748 bytes allocated
==23268== 
==23268== All heap blocks were freed -- no leaks are possible
==23268== 
==23268== For lists of detected and suppressed errors, rerun with: -s
==23268== ERROR SUMMARY: 19 errors from 2 contexts (suppressed: 0 from 0)
