==21997== Memcheck, a memory error detector
==21997== Copyright (C) 2002-2017, and GNU GPL'd, by Julian Seward et al.
==21997== Using Valgrind-3.18.1 and LibVEX; rerun with -h for copyright info
==21997== Command: ./masivDubl.out
==21997== Parent PID: 8533
==21997== 
==21997== Conditional jump or move depends on uninitialised value(s)
==21997==    at 0x499194E: std::ostreambuf_iterator<char, std::char_traits<char> > std::num_put<char, std::ostreambuf_iterator<char, std::char_traits<char> > >::_M_insert_int<long>(std::ostreambuf_iterator<char, std::char_traits<char> >, std::ios_base&, char, long) const (in /usr/lib/x86_64-linux-gnu/libstdc++.so.6.0.30)
==21997==    by 0x49A00F9: std::ostream& std::ostream::_M_insert<long>(long) (in /usr/lib/x86_64-linux-gnu/libstdc++.so.6.0.30)
==21997==    by 0x109507: Myclass::print() (masivDubl.cpp:31)
==21997==    by 0x10930F: main (masivDubl.cpp:111)
==21997== 
==21997== Use of uninitialised value of size 8
==21997==    at 0x499182B: ??? (in /usr/lib/x86_64-linux-gnu/libstdc++.so.6.0.30)
==21997==    by 0x4991978: std::ostreambuf_iterator<char, std::char_traits<char> > std::num_put<char, std::ostreambuf_iterator<char, std::char_traits<char> > >::_M_insert_int<long>(std::ostreambuf_iterator<char, std::char_traits<char> >, std::ios_base&, char, long) const (in /usr/lib/x86_64-linux-gnu/libstdc++.so.6.0.30)
==21997==    by 0x49A00F9: std::ostream& std::ostream::_M_insert<long>(long) (in /usr/lib/x86_64-linux-gnu/libstdc++.so.6.0.30)
==21997==    by 0x109507: Myclass::print() (masivDubl.cpp:31)
==21997==    by 0x10930F: main (masivDubl.cpp:111)
==21997== 
==21997== Conditional jump or move depends on uninitialised value(s)
==21997==    at 0x499183D: ??? (in /usr/lib/x86_64-linux-gnu/libstdc++.so.6.0.30)
==21997==    by 0x4991978: std::ostreambuf_iterator<char, std::char_traits<char> > std::num_put<char, std::ostreambuf_iterator<char, std::char_traits<char> > >::_M_insert_int<long>(std::ostreambuf_iterator<char, std::char_traits<char> >, std::ios_base&, char, long) const (in /usr/lib/x86_64-linux-gnu/libstdc++.so.6.0.30)
==21997==    by 0x49A00F9: std::ostream& std::ostream::_M_insert<long>(long) (in /usr/lib/x86_64-linux-gnu/libstdc++.so.6.0.30)
==21997==    by 0x109507: Myclass::print() (masivDubl.cpp:31)
==21997==    by 0x10930F: main (masivDubl.cpp:111)
==21997== 
==21997== Conditional jump or move depends on uninitialised value(s)
==21997==    at 0x49919AE: std::ostreambuf_iterator<char, std::char_traits<char> > std::num_put<char, std::ostreambuf_iterator<char, std::char_traits<char> > >::_M_insert_int<long>(std::ostreambuf_iterator<char, std::char_traits<char> >, std::ios_base&, char, long) const (in /usr/lib/x86_64-linux-gnu/libstdc++.so.6.0.30)
==21997==    by 0x49A00F9: std::ostream& std::ostream::_M_insert<long>(long) (in /usr/lib/x86_64-linux-gnu/libstdc++.so.6.0.30)
==21997==    by 0x109507: Myclass::print() (masivDubl.cpp:31)
==21997==    by 0x10930F: main (masivDubl.cpp:111)
==21997== 
==21997== 
==21997== HEAP SUMMARY:
==21997==     in use at exit: 0 bytes in 0 blocks
==21997==   total heap usage: 3 allocs, 3 frees, 73,748 bytes allocated
==21997== 
==21997== All heap blocks were freed -- no leaks are possible
==21997== 
==21997== Use --track-origins=yes to see where uninitialised values come from
==21997== For lists of detected and suppressed errors, rerun with: -s
==21997== ERROR SUMMARY: 4 errors from 4 contexts (suppressed: 0 from 0)
